              	; --------------------------------------
              	; zasm: assemble "program10.asm"
              	; date: 2018-01-01 14:39:04
              	; --------------------------------------


              	;--------------------------------------
              	;   演習プログラム10
              	;--------------------------------------
8000:         	        ORG     8000H
8000: 3A009C  	        LD      A, (DATA)
8003: 47      	        LD      B, A
8004: 3A019C  	        LD      A, (DATA + 1)
              	        
8007: B8      	        CP      B
8008: FA1080  	        JP      M, MIN
800B: 3EAA    	        LD      A, 0AAH
800D: C31280  	        JP      FIN
8010: 3EDD    	MIN     LD      A, 0DDH
8012: 32029C  	FIN     LD      (STORE), A
8015: 76      	        HALT
              	
8016: FFFFFFFF	        ORG     9C00H
801A: FF...   	
9C00: 28      	DATA    DEFB    28H
9C01: 74      	        DEFB    74H
9C02: FF      	STORE   DEFS    1
              	
              	        END


; +++ segments +++

#CODE          = $8000 = 32768,  size = $1C03 =  7171

; +++ global symbols +++

DATA    = $9C00 = 39936          program10.asm:18
FIN     = $8012 = 32786          program10.asm:14
MIN     = $8010 = 32784          program10.asm:13
STORE   = $9C02 = 39938          program10.asm:20
_end    = $9C03 = 39939          program10.asm:3 (unused)
_size   = $1C03 =  7171          program10.asm:3 (unused)


total time: 0.0014 sec.
no errors
