              	; --------------------------------------
              	; zasm: assemble "list1.asm"
              	; date: 2017-12-31 10:49:43
              	; --------------------------------------


              	;*************************************************************************
              	;   リスト1
              	;   データ交換プログラム
              	;*************************************************************************
1000:         	    ORG 1000H   ; プログラム格納の先頭アドレス
1000: 3E55    	    LD  A, 55H  ; レジスタAにデータを設定
1002: 0677    	    LD  B, 77H  ; レジスタBにデータを設定
1004: 4F      	    LD  C, A    ; レジスタCにデータを退避
1005: 79      	    LD  A, C    ; レジスタAにレジスタBのデータを転送
1006: 41      	    LD  B,C     ; レジスタBに退避していたレジスタAのデータを転送
1007: 76      	    HALT        ; 停止
              	    END         ; プログラム終了


; +++ segments +++

#CODE          = $1000 =  4096,  size = $0008 =     8

; +++ global symbols +++

_end    = $1008 =  4104          list1.asm:4 (unused)
_size   = $0008 =     8          list1.asm:4 (unused)


total time: 0.0013 sec.
no errors
