              	; --------------------------------------
              	; zasm: assemble "program5.1.asm"
              	; date: 2017-12-31 10:49:31
              	; --------------------------------------


              	;*************************************************************************
              	;   プログラム5.1 サブルーチンプログラム
              	;*************************************************************************
2328:         	SP_A    EQU 9000        ; スタックポインタの開始アドレス
              	
8000:         	        ORG 8000H       ; プログラムの先頭アドレス
              	
8000: 312823  	        LD  SP, SP_A    ; スタックポインタの設定
              	
8003: 3E00    	        LD A, 0D        ; レジスタAの初期化
              	
8005: CD0F80  	        CALL SUB1       ; サブルーチンSUB1の呼び出し
8008: CD0F80  	        CALL SUB1       ; サブルーチンSUB1の呼び出し1
800B: CD0F80  	        CALL SUB1       ; サブルーチンSUB1の呼び出し
              	
800E: 76      	        HALT
              	
800F: C60A    	SUB1:   ADD A, 10D      ; サブルーチンSUB1
8011: C9      	        RET             ; 復帰命令
              	
              	        END


; +++ segments +++

#CODE          = $8000 = 32768,  size = $0012 =    18

; +++ global symbols +++

SP_A    = $2328 =  9000          program5.1.asm:4
SUB1    = $800F = 32783          program5.1.asm:18
_end    = $8012 = 32786          program5.1.asm:5 (unused)
_size   = $0012 =    18          program5.1.asm:5 (unused)


total time: 0.0013 sec.
no errors
