              	; --------------------------------------
              	; zasm: assemble "program5.5.asm"
              	; date: 2017-12-31 12:53:44
              	; --------------------------------------


              	;*************************************************************************
              	;   プログラム5.5   LED点灯プログラム
              	;*************************************************************************
0090:         	CW      EQU     90H         ; コントロールワード
00F3:         	CWR     EQU     0F3H        ; コントロールワードレジスタの番地
00F0:         	PADR    EQU     0F0H        ; ポートAデータレジスタの番地
00F1:         	PBDR    EQU     0F1H        ; ポートBデータレジスタの番地
00F2:         	PCDR    EQU     0F2H        ; ポートCデータレジスタの番地
              	
8000:         	        ORG     8000H
8000: 3E90    	        LD      A, CW       ; コントロールワードのセット
8002: D3F3    	        OUT     (CWR), A    ; コントロールワードレジスタへの出力
              	
8004: 3E55    	        LD      A, 55H      ; LED点灯データ
              	
8006: D3F2    	        OUT     (PCDR), A   ; 点灯データの出力
              	
8008: 76      	        HALT
              	        END


; +++ segments +++

#CODE          = $8000 = 32768,  size = $0009 =     9

; +++ global symbols +++

CW      = $0090 =   144          program5.5.asm:4
CWR     = $00F3 =   243          program5.5.asm:5
PADR    = $00F0 =   240          program5.5.asm:6 (unused)
PBDR    = $00F1 =   241          program5.5.asm:7 (unused)
PCDR    = $00F2 =   242          program5.5.asm:8
_end    = $8009 = 32777          program5.5.asm:9 (unused)
_size   = $0009 =     9          program5.5.asm:9 (unused)


total time: 0.0014 sec.
no errors
