              	; --------------------------------------
              	; zasm: assemble "program8.asm"
              	; date: 2018-01-01 12:31:29
              	; --------------------------------------


              	;--------------------------------------
              	;   演習プログラム8
              	;--------------------------------------
8000:         	        ORG     8000H
              	
8000: 3E50    	        LD      A, 50H
8002: 32009C  	        LD      (9C00H), A
8005: 3E32    	        LD      A, 32H
8007: 32019C  	        LD      (9C01H), A
              	
800A: 3A009C  	        LD      A, (9C00H)
800D: F5      	        PUSH    AF
800E: 3A019C  	        LD      A, (9C01H)
8011: 32009C  	        LD      (9C00H), A
8014: F1      	        POP     AF
8015: 32009C  	        LD      (9C00H), A
              	
8018: 76      	        HALT
              	        END


; +++ segments +++

#CODE          = $8000 = 32768,  size = $0019 =    25

; +++ global symbols +++

_end    = $8019 = 32793          program8.asm:3 (unused)
_size   = $0019 =    25          program8.asm:3 (unused)


total time: 0.0029 sec.
no errors
