              	; --------------------------------------
              	; zasm: assemble "program5.4.asm"
              	; date: 2017-12-31 12:35:56
              	; --------------------------------------


              	;*************************************************************************
              	;   プログラム5.4   INT割り込みサブルーチン
              	;*************************************************************************
9000:         	SP_A    EQU     9000H
              	
0038:         	        ORG     0038H       ; 割込み時のジャンプ先
0038: C30F80  	        JP      ISUB
              	
003B: FFFFFFFF	        ORG     8000H       ; メインルーチン
003F: FF...   	
8000: ED56    	        IM      1           ; 割込みモード1の設定
8002: 310090  	        LD      SP, SP_A    ; SPの設定
              	
8005: 0600    	        LD      B, 00H
8007: 3E01    	        LD      A, 01H
              	
8009: FB      	        EI                  ; 割り込み許可
800A: 3C      	L1:     INC     A
800B: C30A80  	        JP      L1
800E: 76      	        HALT
              	
800F: 0655    	ISUB:   LD      B, 55H      ; 割り込みサブルーチン
8011: FB      	        EI                  ; 割り込み許可
8012: ED4D    	        RETI                ; 割り込みからの復帰
              	
              	        END


; +++ segments +++

#CODE          = $0038 =    56,  size = $7FDC = 32732

; +++ global symbols +++

ISUB    = $800F = 32783          program5.4.asm:21
L1      = $800A = 32778          program5.4.asm:17
SP_A    = $9000 = 36864          program5.4.asm:4
_end    = $8014 = 32788          program5.4.asm:5 (unused)
_size   = $7FDC = 32732          program5.4.asm:5 (unused)


total time: 0.0015 sec.
no errors
