              	; --------------------------------------
              	; zasm: assemble "program5.3.asm"
              	; date: 2017-12-31 12:36:01
              	; --------------------------------------


              	;*************************************************************************
              	;   プログラム5.3   タイマプログラム
              	;*************************************************************************
9000:         	SP_A    EQU     9000H
8000:         	        ORG     8000H
              	
8000: CD0780  	        CALL    TIM2
8003: 310090  	        LD      SP, SP_A    ; SPの設定
              	
8006: 76      	        HALT
              	
8007: 0E32    	TIM2:   LD      C, 50D      ; 上位のタイマサブルーチン5.129ms
8009: CD1180  	L2:     CALL    TIM1        ; 17ステート
800C: 0D      	        DEC     C           ; 4ステート
800D: C20980  	        JP      NZ, L2      ; 10ステート
8010: C9      	        RET
8011: 0643    	TIM1:   LD      B, 67D      ; 下位のタイマサブルーチン100µs
8013: 05      	L1:     DEC     B
8014: 00      	        NOP
8015: C21380  	        JP      NZ, L1
8018: C9      	        RET
              	
              	        END


; +++ segments +++

#CODE          = $8000 = 32768,  size = $0019 =    25

; +++ global symbols +++

L1      = $8013 = 32787          program5.3.asm:18
L2      = $8009 = 32777          program5.3.asm:13
SP_A    = $9000 = 36864          program5.3.asm:4
TIM1    = $8011 = 32785          program5.3.asm:17
TIM2    = $8007 = 32775          program5.3.asm:12
_end    = $8019 = 32793          program5.3.asm:4 (unused)
_size   = $0019 =    25          program5.3.asm:4 (unused)


total time: 0.0014 sec.
no errors
