              	; --------------------------------------
              	; zasm: assemble "program33.asm"
              	; date: 2018-02-17 11:46:37
              	; --------------------------------------


              	;--------------------------------------
              	;   演習プログラム32
              	;--------------------------------------
0090:         	CW      EQU     90H             ; コントロールワード
00F3:         	CWR     EQU     0F3H            ; コントロールワードレジスタ
00F0:         	PADR    EQU     0F0H            ; PORTAレジスタ
00F1:         	PBDR    EQU     0F1H            ; PORTBレジスタ
00F2:         	PCDR    EQU     0F2H            ; PORTCレジスタ
C200:         	SP_A    EQU     0C200H          ; SP
              	
C000:         	        ORG     0C000H
C000: 3E90    	        LD      A, CW           ; コントロールワードをAレジスタへ
C002: D3F3    	        OUT     (CWR), A        ; コントロールワードレジスタへ出力
C004: 3100C2  	        LD      SP, SP_A
              	
C007: 0EFF    	        LD      C, 255D
C009: 1E00    	        LD      E, 0D
              	
C00B: 3E01    	LOOP:   LD      A, 01H
C00D: D3F2    	LEFT:   OUT     (PCDR), A
C00F: CD4DC0  	        CALL    TIM3
C012: CB27    	        SLA     A
C014: C20DC0  	        JP      NZ, LEFT
              	
C017: 3E80    	        LD      A, 80H
C019: D3F2    	RIGHT:  OUT     (PCDR), A
C01B: CD4DC0  	        CALL    TIM3
C01E: CB3F    	        SRL     A
C020: C219C0  	        JP      NZ, RIGHT
              	
C023: CB43    	CHECK:  BIT     0, E
C025: C235C0  	        JP      NZ, SLOWER
              	
C028: 79      	FASTER: LD      A, C
C029: FE64    	        CP      100D
C02B: CA42C0  	        JP      Z, TSLOW
C02E: 79      	        LD      A, C
C02F: D605    	        SUB     A, 5D
C031: 4F      	        LD      C, A
C032: C30BC0  	        JP      LOOP
              	
C035: 79      	SLOWER: LD      A, C
C036: FEFF    	        CP      255D
C038: CA47C0  	        JP      Z, TFAST
C03B: 79      	        LD      A, C
C03C: C605    	        ADD     A, 5D
C03E: 4F      	        LD      C, A
C03F: C30BC0  	        JP      LOOP
              	
C042: CBC3    	TSLOW:  SET     0, E
C044: C323C0  	        JP      CHECK
C047: CB83    	TFAST:  RES     0, E
C049: C323C0  	        JP      CHECK
              	
C04C: C9      	        RET
              	
C04D: 51      	TIM3:   LD      D, C
C04E: CD56C0  	DLOOP3: CALL    TIM1
C051: 15      	        DEC     D
C052: C24EC0  	        JP      NZ, DLOOP3
C055: C9      	        RET
              	
C056: 061F    	TIM1:   LD      B, 31D          ; 100us delay loop
C058: 05      	DLOOP1: DEC     B               ; 4 state
C059: 00      	        NOP                     ; 4 state
C05A: 00      	        NOP
C05B: C258C0  	        JP      NZ, DLOOP1      ; 10 state
C05E: C9      	        RET
              	
              	        END
              	
              	        


; +++ segments +++

#CODE          = $C000 = 49152,  size = $005F =    95

; +++ global symbols +++

CHECK   = $C023 = 49187          program33.asm:31
CW      = $0090 =   144          program33.asm:4
CWR     = $00F3 =   243          program33.asm:5
DLOOP1  = $C058 = 49240          program33.asm:64
DLOOP3  = $C04E = 49230          program33.asm:58
FASTER  = $C028 = 49192          program33.asm:34 (unused)
LEFT    = $C00D = 49165          program33.asm:20
LOOP    = $C00B = 49163          program33.asm:19
PADR    = $00F0 =   240          program33.asm:6 (unused)
PBDR    = $00F1 =   241          program33.asm:7 (unused)
PCDR    = $00F2 =   242          program33.asm:8
RIGHT   = $C019 = 49177          program33.asm:26
SLOWER  = $C035 = 49205          program33.asm:42
SP_A    = $C200 = 49664          program33.asm:9
TFAST   = $C047 = 49223          program33.asm:52
TIM1    = $C056 = 49238          program33.asm:63
TIM3    = $C04D = 49229          program33.asm:57
TSLOW   = $C042 = 49218          program33.asm:50
_end    = $C05F = 49247          program33.asm:10 (unused)
_size   = $005F =    95          program33.asm:10 (unused)


total time: 0.0026 sec.
no errors
