              	; --------------------------------------
              	; zasm: assemble "list1.asm"
              	; date: 2017-12-30 11:32:06
              	; --------------------------------------


              	;*************************************************************************
              	;   リスト1
              	;   データ交換プログラム
              	;*************************************************************************
8000:         	    ORG 8000H   ; プログラム格納の先頭アドレス
8000: 3E55    	    LD  A, 55H  ; レジスタAにデータを設定
8002: 0677    	    LD  B, 77H  ; レジスタBにデータを設定
8004: 4F      	    LD  C, A    ; レジスタCにデータを退避
8005: 79      	    LD  A, C    ; レジスタAにレジスタBのデータを転送
8006: 41      	    LD  B,C     ; レジスタBに退避していたレジスタAのデータを転送
8007: 76      	    HALT        ; 停止
              	    END         ; プログラム終了


; +++ segments +++

#CODE          = $8000 = 32768,  size = $0008 =     8

; +++ global symbols +++

_end    = $8008 = 32776          list1.asm:4 (unused)
_size   = $0008 =     8          list1.asm:4 (unused)


total time: 0.0014 sec.
no errors
